INFO 2025-12-26 15:25:49,165 autoreload 8064 7020 Watching for file changes with StatReloader
INFO 2025-12-26 15:28:04,292 autoreload 8380 11132 Watching for file changes with StatReloader
INFO 2025-12-26 15:30:41,652 autoreload 1544 5784 Watching for file changes with StatReloader
INFO 2025-12-26 15:32:20,052 autoreload 1544 5784 P:\p_S_final\sofemci\sofemci\settings.py changed, reloading.
INFO 2025-12-26 15:32:20,676 autoreload 17348 23700 Watching for file changes with StatReloader
ERROR 2025-12-26 15:32:25,478 log 17348 7092 Internal Server Error: /saisie/sections/
Traceback (most recent call last):
  File "P:\sofemci\venv\Lib\site-packages\django\core\handlers\exception.py", line 55, in inner
    response = get_response(request)
  File "P:\sofemci\venv\Lib\site-packages\django\core\handlers\base.py", line 197, in _get_response
    response = wrapped_callback(request, *callback_args, **callback_kwargs)
  File "P:\sofemci\venv\Lib\site-packages\django\contrib\auth\decorators.py", line 23, in _wrapper_view
    return view_func(request, *args, **kwargs)
  File "P:\p_S_final\sofemci\sofemci\views.py", line 213, in saisie_sections_view
    return render(request, 'production/saisie_sections.html', context)
  File "P:\sofemci\venv\Lib\site-packages\django\shortcuts.py", line 24, in render
    content = loader.render_to_string(template_name, context, request, using=using)
  File "P:\sofemci\venv\Lib\site-packages\django\template\loader.py", line 61, in render_to_string
    template = get_template(template_name, using=using)
  File "P:\sofemci\venv\Lib\site-packages\django\template\loader.py", line 19, in get_template
    raise TemplateDoesNotExist(template_name, chain=chain)
django.template.exceptions.TemplateDoesNotExist: production/saisie_sections.html
ERROR 2025-12-26 15:32:25,589 log 17348 7092 Internal Server Error: /saisie/sections/
Traceback (most recent call last):
  File "P:\sofemci\venv\Lib\site-packages\django\urls\base.py", line 71, in reverse
    extra, resolver = resolver.namespace_dict[ns]
                      ~~~~~~~~~~~~~~~~~~~~~~~^^^^
KeyError: 'djdt'

During handling of the above exception, another exception occurred:

Traceback (most recent call last):
  File "P:\sofemci\venv\Lib\site-packages\django\core\handlers\exception.py", line 55, in inner
    response = get_response(request)
  File "P:\sofemci\venv\Lib\site-packages\debug_toolbar\middleware.py", line 145, in __call__
    return self._postprocess(request, response, toolbar)
           ~~~~~~~~~~~~~~~~~^^^^^^^^^^^^^^^^^^^^^^^^^^^^
  File "P:\sofemci\venv\Lib\site-packages\debug_toolbar\middleware.py", line 187, in _postprocess
    rendered = toolbar.render_toolbar()
  File "P:\sofemci\venv\Lib\site-packages\debug_toolbar\toolbar.py", line 93, in render_toolbar
    return render_to_string("debug_toolbar/base.html", context)
  File "P:\sofemci\venv\Lib\site-packages\django\template\loader.py", line 62, in render_to_string
    return template.render(context, request)
           ~~~~~~~~~~~~~~~^^^^^^^^^^^^^^^^^^
  File "P:\sofemci\venv\Lib\site-packages\django\template\backends\django.py", line 61, in render
    return self.template.render(context)
           ~~~~~~~~~~~~~~~~~~~~^^^^^^^^^
  File "P:\sofemci\venv\Lib\site-packages\django\template\base.py", line 175, in render
    return self._render(context)
           ~~~~~~~~~~~~^^^^^^^^^
  File "P:\sofemci\venv\Lib\site-packages\django\test\utils.py", line 112, in instrumented_test_render
    return self.nodelist.render(context)
           ~~~~~~~~~~~~~~~~~~~~^^^^^^^^^
  File "P:\sofemci\venv\Lib\site-packages\django\template\base.py", line 1005, in render
    return SafeString("".join([node.render_annotated(context) for node in self]))
                               ~~~~~~~~~~~~~~~~~~~~~^^^^^^^^^
  File "P:\sofemci\venv\Lib\site-packages\django\template\base.py", line 966, in render_annotated
    return self.render(context)
           ~~~~~~~~~~~^^^^^^^^^
  File "P:\sofemci\venv\Lib\site-packages\django\template\defaulttags.py", line 321, in render
    return nodelist.render(context)
           ~~~~~~~~~~~~~~~^^^^^^^^^
  File "P:\sofemci\venv\Lib\site-packages\django\template\base.py", line 1005, in render
    return SafeString("".join([node.render_annotated(context) for node in self]))
                               ~~~~~~~~~~~~~~~~~~~~~^^^^^^^^^
  File "P:\sofemci\venv\Lib\site-packages\django\template\base.py", line 966, in render_annotated
    return self.render(context)
           ~~~~~~~~~~~^^^^^^^^^
  File "P:\sofemci\venv\Lib\site-packages\django\template\defaulttags.py", line 471, in render
    url = reverse(view_name, args=args, kwargs=kwargs, current_app=current_app)
  File "P:\sofemci\venv\Lib\site-packages\django\urls\base.py", line 82, in reverse
    raise NoReverseMatch("%s is not a registered namespace" % key)
django.urls.exceptions.NoReverseMatch: 'djdt' is not a registered namespace
ERROR 2025-12-26 15:32:25,593 basehttp 17348 7092 "GET /saisie/sections/ HTTP/1.1" 500 140711
INFO 2025-12-26 15:34:30,814 autoreload 4148 24764 Watching for file changes with StatReloader
INFO 2025-12-26 15:37:32,066 autoreload 4148 24764 P:\p_S_final\sofemci\sofemci\settings.py changed, reloading.
